<?xml version="1.0" encoding="UTF-8"?>
<testsuite name="com.example.controller.ShopControllerTest" tests="2" skipped="0" failures="0" errors="0" timestamp="2021-02-11T14:06:12" hostname="dz-jp-18" time="1.289">
  <properties/>
  <testcase name="getShopsByName" classname="com.example.controller.ShopControllerTest" time="1.265"/>
  <testcase name="createShop" classname="com.example.controller.ShopControllerTest" time="0.022"/>
  <system-out><![CDATA[19:36:02.773 [Test worker] DEBUG org.springframework.test.context.junit4.SpringJUnit4ClassRunner - SpringJUnit4ClassRunner constructor called with [class com.example.controller.ShopControllerTest]
19:36:02.786 [Test worker] DEBUG org.springframework.test.context.BootstrapUtils - Instantiating CacheAwareContextLoaderDelegate from class [org.springframework.test.context.cache.DefaultCacheAwareContextLoaderDelegate]
19:36:02.802 [Test worker] DEBUG org.springframework.test.context.BootstrapUtils - Instantiating BootstrapContext using constructor [public org.springframework.test.context.support.DefaultBootstrapContext(java.lang.Class,org.springframework.test.context.CacheAwareContextLoaderDelegate)]
19:36:02.923 [Test worker] DEBUG org.springframework.test.context.BootstrapUtils - Instantiating TestContextBootstrapper for test class [com.example.controller.ShopControllerTest] from class [org.springframework.boot.test.context.SpringBootTestContextBootstrapper]
19:36:02.964 [Test worker] INFO org.springframework.boot.test.context.SpringBootTestContextBootstrapper - Neither @ContextConfiguration nor @ContextHierarchy found for test class [com.example.controller.ShopControllerTest], using SpringBootContextLoader
19:36:02.970 [Test worker] DEBUG org.springframework.test.context.support.AbstractContextLoader - Did not detect default resource location for test class [com.example.controller.ShopControllerTest]: class path resource [com/example/controller/ShopControllerTest-context.xml] does not exist
19:36:02.970 [Test worker] DEBUG org.springframework.test.context.support.AbstractContextLoader - Did not detect default resource location for test class [com.example.controller.ShopControllerTest]: class path resource [com/example/controller/ShopControllerTestContext.groovy] does not exist
19:36:02.971 [Test worker] INFO org.springframework.test.context.support.AbstractContextLoader - Could not detect default resource locations for test class [com.example.controller.ShopControllerTest]: no resource found for suffixes {-context.xml, Context.groovy}.
19:36:02.975 [Test worker] INFO org.springframework.test.context.support.AnnotationConfigContextLoaderUtils - Could not detect default configuration classes for test class [com.example.controller.ShopControllerTest]: ShopControllerTest does not declare any static, non-private, non-final, nested classes annotated with @Configuration.
19:36:03.052 [Test worker] DEBUG org.springframework.test.context.support.ActiveProfilesUtils - Could not find an 'annotation declaring class' for annotation type [org.springframework.test.context.ActiveProfiles] and class [com.example.controller.ShopControllerTest]
19:36:03.153 [Test worker] DEBUG org.springframework.context.annotation.ClassPathScanningCandidateComponentProvider - Identified candidate component class: file [/home/dz-jp-18/Downloads/test-tom/build/classes/java/main/com/example/Application.class]
19:36:03.158 [Test worker] INFO org.springframework.boot.test.context.SpringBootTestContextBootstrapper - Found @SpringBootConfiguration com.example.Application for test class com.example.controller.ShopControllerTest
19:36:03.293 [Test worker] DEBUG org.springframework.boot.test.context.SpringBootTestContextBootstrapper - @TestExecutionListeners is not present for class [com.example.controller.ShopControllerTest]: using defaults.
19:36:03.293 [Test worker] INFO org.springframework.boot.test.context.SpringBootTestContextBootstrapper - Loaded default TestExecutionListener class names from location [META-INF/spring.factories]: [org.springframework.boot.test.autoconfigure.restdocs.RestDocsTestExecutionListener, org.springframework.boot.test.autoconfigure.web.client.MockRestServiceServerResetTestExecutionListener, org.springframework.boot.test.autoconfigure.web.servlet.MockMvcPrintOnlyOnFailureTestExecutionListener, org.springframework.boot.test.autoconfigure.web.servlet.WebDriverTestExecutionListener, org.springframework.boot.test.autoconfigure.webservices.client.MockWebServiceServerTestExecutionListener, org.springframework.boot.test.mock.mockito.MockitoTestExecutionListener, org.springframework.boot.test.mock.mockito.ResetMocksTestExecutionListener, org.springframework.test.context.web.ServletTestExecutionListener, org.springframework.test.context.support.DirtiesContextBeforeModesTestExecutionListener, org.springframework.test.context.event.ApplicationEventsTestExecutionListener, org.springframework.test.context.support.DependencyInjectionTestExecutionListener, org.springframework.test.context.support.DirtiesContextTestExecutionListener, org.springframework.test.context.transaction.TransactionalTestExecutionListener, org.springframework.test.context.jdbc.SqlScriptsTestExecutionListener, org.springframework.test.context.event.EventPublishingTestExecutionListener]
19:36:03.315 [Test worker] INFO org.springframework.boot.test.context.SpringBootTestContextBootstrapper - Using TestExecutionListeners: [org.springframework.test.context.web.ServletTestExecutionListener@5ddb1fcb, org.springframework.test.context.support.DirtiesContextBeforeModesTestExecutionListener@69994527, org.springframework.test.context.event.ApplicationEventsTestExecutionListener@1bbb3f3, org.springframework.boot.test.mock.mockito.MockitoTestExecutionListener@646d2b38, org.springframework.boot.test.autoconfigure.SpringBootDependencyInjectionTestExecutionListener@614d5539, org.springframework.test.context.support.DirtiesContextTestExecutionListener@42de844a, org.springframework.test.context.transaction.TransactionalTestExecutionListener@1e2693c9, org.springframework.test.context.jdbc.SqlScriptsTestExecutionListener@139f4fde, org.springframework.test.context.event.EventPublishingTestExecutionListener@18f02409, org.springframework.boot.test.autoconfigure.restdocs.RestDocsTestExecutionListener@2e3a0f89, org.springframework.boot.test.autoconfigure.web.client.MockRestServiceServerResetTestExecutionListener@4a8695c, org.springframework.boot.test.autoconfigure.web.servlet.MockMvcPrintOnlyOnFailureTestExecutionListener@6d2037a8, org.springframework.boot.test.autoconfigure.web.servlet.WebDriverTestExecutionListener@74698669, org.springframework.boot.test.autoconfigure.webservices.client.MockWebServiceServerTestExecutionListener@ad1992a, org.springframework.boot.test.mock.mockito.ResetMocksTestExecutionListener@4d74f3a5]
19:36:03.319 [Test worker] DEBUG org.springframework.test.annotation.ProfileValueUtils - Retrieved @ProfileValueSourceConfiguration [null] for test class [com.example.controller.ShopControllerTest]
19:36:03.320 [Test worker] DEBUG org.springframework.test.annotation.ProfileValueUtils - Retrieved ProfileValueSource type [class org.springframework.test.annotation.SystemProfileValueSource] for class [com.example.controller.ShopControllerTest]
19:36:03.322 [Test worker] DEBUG org.springframework.test.annotation.ProfileValueUtils - Retrieved @ProfileValueSourceConfiguration [null] for test class [com.example.controller.ShopControllerTest]
19:36:03.323 [Test worker] DEBUG org.springframework.test.annotation.ProfileValueUtils - Retrieved ProfileValueSource type [class org.springframework.test.annotation.SystemProfileValueSource] for class [com.example.controller.ShopControllerTest]
19:36:03.323 [Test worker] DEBUG org.springframework.test.annotation.ProfileValueUtils - Retrieved @ProfileValueSourceConfiguration [null] for test class [com.example.controller.ShopControllerTest]
19:36:03.323 [Test worker] DEBUG org.springframework.test.annotation.ProfileValueUtils - Retrieved ProfileValueSource type [class org.springframework.test.annotation.SystemProfileValueSource] for class [com.example.controller.ShopControllerTest]
19:36:03.348 [Test worker] DEBUG org.springframework.test.context.support.AbstractDirtiesContextTestExecutionListener - Before test class: context [DefaultTestContext@56f0c416 testClass = ShopControllerTest, testInstance = [null], testMethod = [null], testException = [null], mergedContextConfiguration = [WebMergedContextConfiguration@3115772e testClass = ShopControllerTest, locations = '{}', classes = '{class com.example.Application}', contextInitializerClasses = '[]', activeProfiles = '{}', propertySourceLocations = '{}', propertySourceProperties = '{org.springframework.boot.test.context.SpringBootTestContextBootstrapper=true, server.port=0}', contextCustomizers = set[org.springframework.boot.test.autoconfigure.actuate.metrics.MetricsExportContextCustomizerFactory$DisableMetricExportContextCustomizer@1fcaa8, org.springframework.boot.test.autoconfigure.properties.PropertyMappingContextCustomizer@0, org.springframework.boot.test.autoconfigure.web.servlet.WebDriverContextCustomizerFactory$Customizer@3e9c19bf, org.springframework.boot.test.context.filter.ExcludeFilterContextCustomizer@6612e9ae, org.springframework.boot.test.json.DuplicateJsonObjectContextCustomizerFactory$DuplicateJsonObjectContextCustomizer@6a9d105d, org.springframework.boot.test.mock.mockito.MockitoContextCustomizer@0, org.springframework.boot.test.web.client.TestRestTemplateContextCustomizer@2d4682f5, org.springframework.boot.test.context.SpringBootTestArgs@1, org.springframework.boot.test.context.SpringBootTestWebEnvironment@445a0a59], resourceBasePath = 'src/main/webapp', contextLoader = 'org.springframework.boot.test.context.SpringBootContextLoader', parent = [null]], attributes = map['org.springframework.test.context.web.ServletTestExecutionListener.activateListener' -> false]], class annotated with @DirtiesContext [false] with mode [null].
19:36:03.352 [Test worker] DEBUG org.springframework.test.annotation.ProfileValueUtils - Retrieved @ProfileValueSourceConfiguration [null] for test class [com.example.controller.ShopControllerTest]
19:36:03.352 [Test worker] DEBUG org.springframework.test.annotation.ProfileValueUtils - Retrieved ProfileValueSource type [class org.springframework.test.annotation.SystemProfileValueSource] for class [com.example.controller.ShopControllerTest]
19:36:03.358 [Test worker] DEBUG org.springframework.test.context.support.DependencyInjectionTestExecutionListener - Performing dependency injection for test context [[DefaultTestContext@56f0c416 testClass = ShopControllerTest, testInstance = com.example.controller.ShopControllerTest@1786fefe, testMethod = [null], testException = [null], mergedContextConfiguration = [WebMergedContextConfiguration@3115772e testClass = ShopControllerTest, locations = '{}', classes = '{class com.example.Application}', contextInitializerClasses = '[]', activeProfiles = '{}', propertySourceLocations = '{}', propertySourceProperties = '{org.springframework.boot.test.context.SpringBootTestContextBootstrapper=true, server.port=0}', contextCustomizers = set[org.springframework.boot.test.autoconfigure.actuate.metrics.MetricsExportContextCustomizerFactory$DisableMetricExportContextCustomizer@1fcaa8, org.springframework.boot.test.autoconfigure.properties.PropertyMappingContextCustomizer@0, org.springframework.boot.test.autoconfigure.web.servlet.WebDriverContextCustomizerFactory$Customizer@3e9c19bf, org.springframework.boot.test.context.filter.ExcludeFilterContextCustomizer@6612e9ae, org.springframework.boot.test.json.DuplicateJsonObjectContextCustomizerFactory$DuplicateJsonObjectContextCustomizer@6a9d105d, org.springframework.boot.test.mock.mockito.MockitoContextCustomizer@0, org.springframework.boot.test.web.client.TestRestTemplateContextCustomizer@2d4682f5, org.springframework.boot.test.context.SpringBootTestArgs@1, org.springframework.boot.test.context.SpringBootTestWebEnvironment@445a0a59], resourceBasePath = 'src/main/webapp', contextLoader = 'org.springframework.boot.test.context.SpringBootContextLoader', parent = [null]], attributes = map['org.springframework.test.context.web.ServletTestExecutionListener.activateListener' -> false, 'org.springframework.test.context.event.ApplicationEventsTestExecutionListener.recordApplicationEvents' -> false]]].
19:36:03.386 [Test worker] DEBUG org.springframework.test.context.support.TestPropertySourceUtils - Adding inlined properties to environment: {spring.jmx.enabled=false, org.springframework.boot.test.context.SpringBootTestContextBootstrapper=true, server.port=0}

  .   ____          _            __ _ _
 /\\ / ___'_ __ _ _(_)_ __  __ _ \ \ \ \
( ( )\___ | '_ | '_| | '_ \/ _` | \ \ \ \
 \\/  ___)| |_)| | | | | || (_| |  ) ) ) )
  '  |____| .__|_| |_|_| |_\__, | / / / /
 =========|_|==============|___/=/_/_/_/
 :: Spring Boot ::                (v2.4.2)

2021-02-11 19:36:03.877  INFO 14233 --- [    Test worker] c.example.controller.ShopControllerTest  : Starting ShopControllerTest using Java 1.8.0_231 on dz-jp-18 with PID 14233 (started by dz-jp-18 in /home/dz-jp-18/Downloads/test-tom)
2021-02-11 19:36:03.882  INFO 14233 --- [    Test worker] c.example.controller.ShopControllerTest  : No active profile set, falling back to default profiles: default
2021-02-11 19:36:05.461  INFO 14233 --- [    Test worker] .s.d.r.c.RepositoryConfigurationDelegate : Bootstrapping Spring Data JPA repositories in DEFAULT mode.
2021-02-11 19:36:05.583  INFO 14233 --- [    Test worker] .s.d.r.c.RepositoryConfigurationDelegate : Finished Spring Data repository scanning in 93 ms. Found 2 JPA repository interfaces.
2021-02-11 19:36:07.328  INFO 14233 --- [    Test worker] o.s.b.w.embedded.tomcat.TomcatWebServer  : Tomcat initialized with port(s): 0 (http)
2021-02-11 19:36:07.341  INFO 14233 --- [    Test worker] o.apache.catalina.core.StandardService   : Starting service [Tomcat]
2021-02-11 19:36:07.342  INFO 14233 --- [    Test worker] org.apache.catalina.core.StandardEngine  : Starting Servlet engine: [Apache Tomcat/9.0.41]
2021-02-11 19:36:07.438  INFO 14233 --- [    Test worker] o.a.c.c.C.[Tomcat].[localhost].[/]       : Initializing Spring embedded WebApplicationContext
2021-02-11 19:36:07.439  INFO 14233 --- [    Test worker] w.s.c.ServletWebServerApplicationContext : Root WebApplicationContext: initialization completed in 3527 ms
2021-02-11 19:36:07.822  INFO 14233 --- [    Test worker] o.hibernate.jpa.internal.util.LogHelper  : HHH000204: Processing PersistenceUnitInfo [name: default]
2021-02-11 19:36:07.911  INFO 14233 --- [    Test worker] org.hibernate.Version                    : HHH000412: Hibernate ORM core version 5.4.27.Final
2021-02-11 19:36:08.083  INFO 14233 --- [    Test worker] o.hibernate.annotations.common.Version   : HCANN000001: Hibernate Commons Annotations {5.1.2.Final}
2021-02-11 19:36:08.219  INFO 14233 --- [    Test worker] com.zaxxer.hikari.HikariDataSource       : HikariPool-1 - Starting...
2021-02-11 19:36:08.298  INFO 14233 --- [    Test worker] com.zaxxer.hikari.pool.PoolBase          : HikariPool-1 - Driver does not support get/set network timeout for connections. (Method org.postgresql.jdbc.PgConnection.getNetworkTimeout() is not yet implemented.)
2021-02-11 19:36:08.326  INFO 14233 --- [    Test worker] com.zaxxer.hikari.HikariDataSource       : HikariPool-1 - Start completed.
2021-02-11 19:36:08.372  INFO 14233 --- [    Test worker] org.hibernate.dialect.Dialect            : HHH000400: Using dialect: org.hibernate.dialect.PostgreSQLDialect
2021-02-11 19:36:09.596  INFO 14233 --- [    Test worker] o.h.e.t.j.p.i.JtaPlatformInitiator       : HHH000490: Using JtaPlatform implementation: [org.hibernate.engine.transaction.jta.platform.internal.NoJtaPlatform]
2021-02-11 19:36:09.606  INFO 14233 --- [    Test worker] j.LocalContainerEntityManagerFactoryBean : Initialized JPA EntityManagerFactory for persistence unit 'default'
2021-02-11 19:36:10.464  WARN 14233 --- [    Test worker] JpaBaseConfiguration$JpaWebConfiguration : spring.jpa.open-in-view is enabled by default. Therefore, database queries may be performed during view rendering. Explicitly configure spring.jpa.open-in-view to disable this warning
2021-02-11 19:36:11.241  INFO 14233 --- [    Test worker] o.s.s.concurrent.ThreadPoolTaskExecutor  : Initializing ExecutorService 'applicationTaskExecutor'
2021-02-11 19:36:11.781  INFO 14233 --- [    Test worker] o.s.b.w.embedded.tomcat.TomcatWebServer  : Tomcat started on port(s): 41963 (http) with context path ''
2021-02-11 19:36:11.790  INFO 14233 --- [    Test worker] d.s.w.p.DocumentationPluginsBootstrapper : Context refreshed
2021-02-11 19:36:11.812  INFO 14233 --- [    Test worker] d.s.w.p.DocumentationPluginsBootstrapper : Found 1 custom documentation plugin(s)
2021-02-11 19:36:11.823  INFO 14233 --- [    Test worker] s.d.s.w.s.ApiListingReferenceScanner     : Scanning for api listing references
2021-02-11 19:36:12.134  INFO 14233 --- [    Test worker] c.example.controller.ShopControllerTest  : Started ShopControllerTest in 8.745 seconds (JVM running for 10.411)
2021-02-11 19:36:12.465  INFO 14233 --- [o-auto-1-exec-1] o.a.c.c.C.[Tomcat].[localhost].[/]       : Initializing Spring DispatcherServlet 'dispatcherServlet'
2021-02-11 19:36:12.466  INFO 14233 --- [o-auto-1-exec-1] o.s.web.servlet.DispatcherServlet        : Initializing Servlet 'dispatcherServlet'
2021-02-11 19:36:12.467  INFO 14233 --- [o-auto-1-exec-1] o.s.web.servlet.DispatcherServlet        : Completed initialization in 1 ms
]]></system-out>
  <system-err><![CDATA[]]></system-err>
</testsuite>
